<?xml version="1.0" encoding="UTF-8"?>
<!-- Generated by org.testng.reporters.JUnitReportReporter -->
<testsuite hostname="LAPTOP-REU8J4EF" failures="0" tests="1" name="testcases.T01_HomepageValidation" time="13.450" errors="0" timestamp="2021-08-12T14:20:41 BDT" skipped="0">
  <testcase classname="testcases.T01_HomepageValidation" name="hopmepage" time="13.450"/>
</testsuite> <!-- testcases.T01_HomepageValidation -->
